2025-03-24 13:02:49,979 - INFO - === Mentone Hockey Club Team Builder ===
2025-03-24 13:02:49,979 - INFO - Starting team discovery process. Looking for teams containing 'Mentone'
2025-03-24 13:02:49,979 - INFO - Discovering competitions from main page...
2025-03-24 13:02:50,855 - INFO - Found 6 competition heading sections
2025-03-24 13:02:50,861 - INFO - Found 48 competitions
2025-03-24 13:02:50,861 - INFO - Scanning 48 competitions for Mentone teams...
2025-03-24 13:02:50,861 - INFO - [1/48] Checking Vaisakhi - Juniors at https://www.hockeyvictoria.org.au/games/21887/37197/round/1
2025-03-24 13:02:51,158 - INFO - [2/48] Checking Vaisakhi - Seniors at https://www.hockeyvictoria.org.au/games/21887/37198/round/1
2025-03-24 13:02:51,436 - INFO - [3/48] Checking Women's Premier League - 2025 at https://www.hockeyvictoria.org.au/games/21935/37285/round/1
2025-03-24 13:02:51,742 - INFO - Found team: Mentone - Women's Premier League (Unknown, Men)
2025-03-24 13:02:51,743 - INFO - [4/48] Checking Women's Premier League Reserves - 2025 at https://www.hockeyvictoria.org.au/games/21935/37286/round/1
2025-03-24 13:02:52,002 - INFO - Found team: Mentone - Women's Premier League Reserves (Unknown, Men)
2025-03-24 13:02:52,003 - INFO - [5/48] Checking Men's Premier League - 2025 at https://www.hockeyvictoria.org.au/games/21935/37287/round/1
2025-03-24 13:02:52,262 - INFO - [6/48] Checking Men's Premier League Reserves - 2025 at https://www.hockeyvictoria.org.au/games/21935/37288/round/1
2025-03-24 13:02:52,643 - INFO - [7/48] Checking Women's Vic League 1 - 2025 at https://www.hockeyvictoria.org.au/games/21935/37289/round/1
2025-03-24 13:02:52,987 - INFO - [8/48] Checking Women's Vic League 1 Reserves - 2025 at https://www.hockeyvictoria.org.au/games/21935/37290/round/1
2025-03-24 13:02:53,250 - INFO - [9/48] Checking Men's Vic League 1 - 2025 at https://www.hockeyvictoria.org.au/games/21935/37291/round/1
2025-03-24 13:02:53,557 - INFO - Found team: Mentone - Men's Vic League 1 (Unknown, Men)
2025-03-24 13:02:53,557 - INFO - [10/48] Checking Men's Vic League 1 Reserves - 2025 at https://www.hockeyvictoria.org.au/games/21935/37292/round/1
2025-03-24 13:02:53,836 - INFO - Found team: Mentone - Men's Vic League 1 Reserves (Unknown, Men)
2025-03-24 13:02:53,836 - INFO - [11/48] Checking Women's Vic League 2 - 2025 at https://www.hockeyvictoria.org.au/games/21935/37293/round/1
2025-03-24 13:02:54,082 - INFO - [12/48] Checking Men's Vic League 2 - 2025 at https://www.hockeyvictoria.org.au/games/21935/37294/round/1
2025-03-24 13:02:54,323 - INFO - [13/48] Checking Men's Vic League 2 Reserves - 2025 at https://www.hockeyvictoria.org.au/games/21935/37295/round/1
2025-03-24 13:02:54,576 - INFO - [14/48] Checking Women's Vic League 3 - 2025 at https://www.hockeyvictoria.org.au/games/21935/37296/round/1
2025-03-24 13:02:54,890 - INFO - [15/48] Checking Men's Vic League 3 - 2025 at https://www.hockeyvictoria.org.au/games/21935/37297/round/1
2025-03-24 13:02:55,138 - INFO - [16/48] Checking Women's Pennant A - 2025 at https://www.hockeyvictoria.org.au/games/21935/37298/round/1
2025-03-24 13:02:55,507 - INFO - Found team: Mentone - Women's Pennant A (Unknown, Men)
2025-03-24 13:02:55,507 - INFO - [17/48] Checking Women's Pennant B - 2025 at https://www.hockeyvictoria.org.au/games/21935/37299/round/1
2025-03-24 13:02:55,745 - INFO - Found team: Mentone - Women's Pennant B (Unknown, Men)
2025-03-24 13:02:55,746 - INFO - [18/48] Checking Women's Pennant C - 2025 at https://www.hockeyvictoria.org.au/games/21935/37300/round/1
2025-03-24 13:02:56,026 - INFO - [19/48] Checking Men's Pennant A - 2025 at https://www.hockeyvictoria.org.au/games/21935/37301/round/1
2025-03-24 13:02:56,288 - INFO - [20/48] Checking Men's Pennant B - 2025 at https://www.hockeyvictoria.org.au/games/21935/37302/round/1
2025-03-24 13:02:56,548 - INFO - Found team: Mentone - Men's Pennant B (Unknown, Men)
2025-03-24 13:02:56,549 - INFO - [21/48] Checking Men's Pennant C - 2025 at https://www.hockeyvictoria.org.au/games/21935/37303/round/1
2025-03-24 13:02:56,864 - INFO - Found team: Mentone - Men's Pennant C (Unknown, Men)
2025-03-24 13:02:56,864 - INFO - [22/48] Checking Women's Pennant D North West - 2025 at https://www.hockeyvictoria.org.au/games/21935/37304/round/1
2025-03-24 13:02:57,224 - INFO - [23/48] Checking Women's Pennant D South East - 2025 at https://www.hockeyvictoria.org.au/games/21935/37305/round/1
2025-03-24 13:02:57,470 - INFO - Found team: Mentone - Women's Pennant D South East (Unknown, Men)
2025-03-24 13:02:57,470 - INFO - [24/48] Checking Men's Pennant D North West - 2025 at https://www.hockeyvictoria.org.au/games/21935/37306/round/1
2025-03-24 13:02:57,703 - INFO - [25/48] Checking Men's Pennant D South East - 2025 at https://www.hockeyvictoria.org.au/games/21935/37307/round/1
2025-03-24 13:02:57,951 - INFO - [26/48] Checking Women's Pennant E North West - 2025 at https://www.hockeyvictoria.org.au/games/21935/37308/round/1
2025-03-24 13:02:58,214 - INFO - [27/48] Checking Women's Pennant E South East - 2025 at https://www.hockeyvictoria.org.au/games/21935/37309/round/1
2025-03-24 13:02:58,464 - INFO - [28/48] Checking Men's Pennant E North West - 2025 at https://www.hockeyvictoria.org.au/games/21935/37310/round/1
2025-03-24 13:02:58,704 - INFO - [29/48] Checking Men's Pennant E South East - 2025 at https://www.hockeyvictoria.org.au/games/21935/37311/round/1
2025-03-24 13:02:59,008 - INFO - Found team: Mentone - Men's Pennant E South East (Unknown, Men)
2025-03-24 13:02:59,008 - INFO - [30/48] Checking Women's Metro 1 East - 2025 at https://www.hockeyvictoria.org.au/games/21935/37312/round/1
2025-03-24 13:02:59,341 - INFO - [31/48] Checking Women's Metro 1 North West - 2025 at https://www.hockeyvictoria.org.au/games/21935/37313/round/1
2025-03-24 13:02:59,599 - INFO - [32/48] Checking Women's Metro 1 South - 2025 at https://www.hockeyvictoria.org.au/games/21935/37314/round/1
2025-03-24 13:02:59,831 - INFO - Found team: Mentone - Women's Metro 1 South (Unknown, Men)
2025-03-24 13:02:59,832 - INFO - [33/48] Checking Men's Metro 1 East - 2025 at https://www.hockeyvictoria.org.au/games/21935/37315/round/1
2025-03-24 13:03:00,161 - INFO - [34/48] Checking Men's Metro 1 North West - 2025 at https://www.hockeyvictoria.org.au/games/21935/37316/round/1
2025-03-24 13:03:00,386 - INFO - [35/48] Checking Men's Metro 1 South - 2025 at https://www.hockeyvictoria.org.au/games/21935/37317/round/1
2025-03-24 13:03:00,624 - INFO - [36/48] Checking Men's Metro 2 East - 2025 at https://www.hockeyvictoria.org.au/games/21935/37318/round/1
2025-03-24 13:03:00,860 - INFO - [37/48] Checking Men's Metro 2 North West - 2025 at https://www.hockeyvictoria.org.au/games/21935/37319/round/1
2025-03-24 13:03:01,099 - INFO - [38/48] Checking Men's Metro 2 South - 2025 at https://www.hockeyvictoria.org.au/games/21935/37320/round/1
2025-03-24 13:03:01,333 - INFO - Found team: Mentone - Men's Metro 2 South (Unknown, Men)
2025-03-24 13:03:01,334 - INFO - [39/48] Checking 2025 Term 1 60+ at https://www.hockeyvictoria.org.au/games/20971/35918/round/1
2025-03-24 13:03:01,596 - INFO - [40/48] Checking 35+ Women's Masters - T1 2025 at https://www.hockeyvictoria.org.au/games/21055/36037/round/1
2025-03-24 13:03:01,864 - INFO - [41/48] Checking U12 Mixed JIC - 2025 at https://www.hockeyvictoria.org.au/games/21075/36068/round/1
2025-03-24 13:03:02,123 - INFO - [42/48] Checking U14 Mixed JIC - 2025 at https://www.hockeyvictoria.org.au/games/21075/36067/round/1
2025-03-24 13:03:02,392 - INFO - [43/48] Checking U16 Mixed JIC - 2025 at https://www.hockeyvictoria.org.au/games/21075/36525/round/1
2025-03-24 13:03:02,655 - INFO - [44/48] Checking Junior Grade at https://www.hockeyvictoria.org.au/games/21351/36538/round/1
2025-03-24 13:03:02,889 - INFO - [45/48] Checking A Grade at https://www.hockeyvictoria.org.au/games/21351/36542/round/1
2025-03-24 13:03:03,133 - INFO - [46/48] Checking B Grade at https://www.hockeyvictoria.org.au/games/21351/36541/round/1
2025-03-24 13:03:03,407 - INFO - [47/48] Checking C Grade at https://www.hockeyvictoria.org.au/games/21351/36540/round/1
2025-03-24 13:03:03,696 - INFO - [48/48] Checking D Grade at https://www.hockeyvictoria.org.au/games/21351/36539/round/1
2025-03-24 13:03:04,038 - INFO - Team discovery complete. Found 12 teams.
2025-03-24 13:03:04,038 - INFO - Successfully saved 12 teams to mentone_teams.json
2025-03-24 13:03:04,038 - INFO - Script completed in 14.06 seconds
2025-03-24 13:03:04,038 - INFO - Total competitions scanned: 48
2025-03-24 13:03:04,038 - INFO - Total teams discovered: 12
