2025-03-24 12:35:28,641 - INFO - === Mentone Hockey Club Team Builder ===
2025-03-24 12:35:28,641 - INFO - Starting team discovery process. Looking for teams containing 'Mentone'
2025-03-24 12:35:28,641 - INFO - Discovering competitions from main page...
2025-03-24 12:35:29,764 - INFO - Found 6 competition heading sections
2025-03-24 12:35:29,771 - INFO - Found 48 competitions
2025-03-24 12:35:29,771 - INFO - Scanning 48 competitions for Mentone teams...
2025-03-24 12:35:29,771 - INFO - [1/48] Checking Vaisakhi - Juniors at https://www.hockeyvictoria.org.au/games/21887/37197/round/1
2025-03-24 12:35:30,176 - INFO - [2/48] Checking Vaisakhi - Seniors at https://www.hockeyvictoria.org.au/games/21887/37198/round/1
2025-03-24 12:35:30,682 - INFO - [3/48] Checking Women's Premier League - 2025 at https://www.hockeyvictoria.org.au/games/21935/37285/round/1
2025-03-24 12:35:31,098 - INFO - Found team: Mentone Grammar Playing Fields (Senior, Men)
2025-03-24 12:35:31,099 - INFO - Found team: Mentone Hockey Club (Senior, Men)
2025-03-24 12:35:31,099 - INFO - [4/48] Checking Women's Premier League Reserves - 2025 at https://www.hockeyvictoria.org.au/games/21935/37286/round/1
2025-03-24 12:35:31,484 - INFO - Found team: Mentone Grammar Playing Fields (Senior, Men)
2025-03-24 12:35:31,484 - INFO - Found team: Mentone Hockey Club (Senior, Men)
2025-03-24 12:35:31,485 - INFO - [5/48] Checking Men's Premier League - 2025 at https://www.hockeyvictoria.org.au/games/21935/37287/round/1
2025-03-24 12:35:31,790 - INFO - [6/48] Checking Men's Premier League Reserves - 2025 at https://www.hockeyvictoria.org.au/games/21935/37288/round/1
2025-03-24 12:35:32,057 - INFO - [7/48] Checking Women's Vic League 1 - 2025 at https://www.hockeyvictoria.org.au/games/21935/37289/round/1
2025-03-24 12:35:32,340 - INFO - [8/48] Checking Women's Vic League 1 Reserves - 2025 at https://www.hockeyvictoria.org.au/games/21935/37290/round/1
2025-03-24 12:35:32,639 - INFO - [9/48] Checking Men's Vic League 1 - 2025 at https://www.hockeyvictoria.org.au/games/21935/37291/round/1
2025-03-24 12:35:32,920 - INFO - Found team: Mentone Grammar Playing Fields (Senior, Men)
2025-03-24 12:35:32,920 - INFO - Found team: Mentone Hockey Club (Senior, Men)
2025-03-24 12:35:32,920 - INFO - [10/48] Checking Men's Vic League 1 Reserves - 2025 at https://www.hockeyvictoria.org.au/games/21935/37292/round/1
2025-03-24 12:35:33,191 - INFO - Found team: Mentone Grammar Playing Fields (Senior, Men)
2025-03-24 12:35:33,191 - INFO - Found team: Mentone Hockey Club (Senior, Men)
2025-03-24 12:35:33,192 - INFO - [11/48] Checking Women's Vic League 2 - 2025 at https://www.hockeyvictoria.org.au/games/21935/37293/round/1
2025-03-24 12:35:33,437 - INFO - [12/48] Checking Men's Vic League 2 - 2025 at https://www.hockeyvictoria.org.au/games/21935/37294/round/1
2025-03-24 12:35:33,740 - INFO - [13/48] Checking Men's Vic League 2 Reserves - 2025 at https://www.hockeyvictoria.org.au/games/21935/37295/round/1
2025-03-24 12:35:34,003 - INFO - [14/48] Checking Women's Vic League 3 - 2025 at https://www.hockeyvictoria.org.au/games/21935/37296/round/1
2025-03-24 12:35:34,325 - INFO - Found team: Mentone Grammar Playing Fields (Senior, Men)
2025-03-24 12:35:34,325 - INFO - [15/48] Checking Men's Vic League 3 - 2025 at https://www.hockeyvictoria.org.au/games/21935/37297/round/1
2025-03-24 12:35:34,583 - INFO - [16/48] Checking Women's Pennant A - 2025 at https://www.hockeyvictoria.org.au/games/21935/37298/round/1
2025-03-24 12:35:34,913 - INFO - Found team: Mentone Grammar Playing Fields (Senior, Men)
2025-03-24 12:35:34,913 - INFO - Found team: Mentone Hockey Club (Senior, Men)
2025-03-24 12:35:34,913 - INFO - [17/48] Checking Women's Pennant B - 2025 at https://www.hockeyvictoria.org.au/games/21935/37299/round/1
2025-03-24 12:35:35,182 - INFO - Found team: Mentone Grammar Playing Fields (Senior, Men)
2025-03-24 12:35:35,182 - INFO - Found team: Mentone Hockey Club (Senior, Men)
2025-03-24 12:35:35,182 - INFO - [18/48] Checking Women's Pennant C - 2025 at https://www.hockeyvictoria.org.au/games/21935/37300/round/1
2025-03-24 12:35:35,529 - INFO - [19/48] Checking Men's Pennant A - 2025 at https://www.hockeyvictoria.org.au/games/21935/37301/round/1
2025-03-24 12:35:35,848 - INFO - [20/48] Checking Men's Pennant B - 2025 at https://www.hockeyvictoria.org.au/games/21935/37302/round/1
2025-03-24 12:35:36,122 - INFO - Found team: Mentone Grammar Playing Fields (Senior, Men)
2025-03-24 12:35:36,122 - INFO - Found team: Mentone Hockey Club (Senior, Men)
2025-03-24 12:35:36,122 - INFO - [21/48] Checking Men's Pennant C - 2025 at https://www.hockeyvictoria.org.au/games/21935/37303/round/1
2025-03-24 12:35:36,399 - INFO - Found team: Mentone Grammar Playing Fields (Senior, Men)
2025-03-24 12:35:36,399 - INFO - Found team: Mentone Hockey Club (Senior, Men)
2025-03-24 12:35:36,399 - INFO - [22/48] Checking Women's Pennant D North West - 2025 at https://www.hockeyvictoria.org.au/games/21935/37304/round/1
2025-03-24 12:35:36,637 - INFO - [23/48] Checking Women's Pennant D South East - 2025 at https://www.hockeyvictoria.org.au/games/21935/37305/round/1
2025-03-24 12:35:36,915 - INFO - Found team: Mentone Hockey Club (Senior, Men)
2025-03-24 12:35:36,916 - INFO - [24/48] Checking Men's Pennant D North West - 2025 at https://www.hockeyvictoria.org.au/games/21935/37306/round/1
2025-03-24 12:35:37,164 - INFO - [25/48] Checking Men's Pennant D South East - 2025 at https://www.hockeyvictoria.org.au/games/21935/37307/round/1
2025-03-24 12:35:37,463 - INFO - [26/48] Checking Women's Pennant E North West - 2025 at https://www.hockeyvictoria.org.au/games/21935/37308/round/1
2025-03-24 12:35:37,727 - INFO - [27/48] Checking Women's Pennant E South East - 2025 at https://www.hockeyvictoria.org.au/games/21935/37309/round/1
2025-03-24 12:35:37,996 - INFO - [28/48] Checking Men's Pennant E North West - 2025 at https://www.hockeyvictoria.org.au/games/21935/37310/round/1
2025-03-24 12:35:38,268 - INFO - [29/48] Checking Men's Pennant E South East - 2025 at https://www.hockeyvictoria.org.au/games/21935/37311/round/1
2025-03-24 12:35:38,555 - INFO - Found team: Mentone Hockey Club (Senior, Men)
2025-03-24 12:35:38,556 - INFO - [30/48] Checking Women's Metro 1 East - 2025 at https://www.hockeyvictoria.org.au/games/21935/37312/round/1
2025-03-24 12:35:38,869 - INFO - [31/48] Checking Women's Metro 1 North West - 2025 at https://www.hockeyvictoria.org.au/games/21935/37313/round/1
2025-03-24 12:35:39,217 - INFO - [32/48] Checking Women's Metro 1 South - 2025 at https://www.hockeyvictoria.org.au/games/21935/37314/round/1
2025-03-24 12:35:39,482 - INFO - Found team: Mentone Hockey Club (Senior, Men)
2025-03-24 12:35:39,482 - INFO - [33/48] Checking Men's Metro 1 East - 2025 at https://www.hockeyvictoria.org.au/games/21935/37315/round/1
2025-03-24 12:35:39,752 - INFO - [34/48] Checking Men's Metro 1 North West - 2025 at https://www.hockeyvictoria.org.au/games/21935/37316/round/1
2025-03-24 12:35:40,069 - INFO - [35/48] Checking Men's Metro 1 South - 2025 at https://www.hockeyvictoria.org.au/games/21935/37317/round/1
2025-03-24 12:35:40,323 - INFO - Found team: Mentone Grammar Playing Fields (Senior, Men)
2025-03-24 12:35:40,323 - INFO - [36/48] Checking Men's Metro 2 East - 2025 at https://www.hockeyvictoria.org.au/games/21935/37318/round/1
2025-03-24 12:35:40,594 - INFO - [37/48] Checking Men's Metro 2 North West - 2025 at https://www.hockeyvictoria.org.au/games/21935/37319/round/1
2025-03-24 12:35:40,848 - INFO - [38/48] Checking Men's Metro 2 South - 2025 at https://www.hockeyvictoria.org.au/games/21935/37320/round/1
2025-03-24 12:35:41,121 - INFO - Found team: Mentone Hockey Club (Senior, Men)
2025-03-24 12:35:41,121 - INFO - [39/48] Checking 2025 Term 1 60+ at https://www.hockeyvictoria.org.au/games/20971/35918/round/1
2025-03-24 12:35:41,360 - INFO - [40/48] Checking 35+ Women's Masters - T1 2025 at https://www.hockeyvictoria.org.au/games/21055/36037/round/1
2025-03-24 12:35:41,622 - INFO - [41/48] Checking U12 Mixed JIC - 2025 at https://www.hockeyvictoria.org.au/games/21075/36068/round/1
2025-03-24 12:35:41,873 - INFO - [42/48] Checking U14 Mixed JIC - 2025 at https://www.hockeyvictoria.org.au/games/21075/36067/round/1
2025-03-24 12:35:42,125 - INFO - [43/48] Checking U16 Mixed JIC - 2025 at https://www.hockeyvictoria.org.au/games/21075/36525/round/1
2025-03-24 12:35:42,400 - INFO - [44/48] Checking Junior Grade at https://www.hockeyvictoria.org.au/games/21351/36538/round/1
2025-03-24 12:35:42,669 - INFO - [45/48] Checking A Grade at https://www.hockeyvictoria.org.au/games/21351/36542/round/1
2025-03-24 12:35:42,926 - INFO - [46/48] Checking B Grade at https://www.hockeyvictoria.org.au/games/21351/36541/round/1
2025-03-24 12:35:43,182 - INFO - [47/48] Checking C Grade at https://www.hockeyvictoria.org.au/games/21351/36540/round/1
2025-03-24 12:35:43,477 - INFO - [48/48] Checking D Grade at https://www.hockeyvictoria.org.au/games/21351/36539/round/1
2025-03-24 12:35:43,736 - INFO - Team discovery complete. Found 22 teams.
2025-03-24 12:35:43,738 - INFO - Successfully saved 22 teams to mentone_teams.json
2025-03-24 12:35:43,738 - INFO - Script completed in 15.10 seconds
2025-03-24 12:35:43,738 - INFO - Total competitions scanned: 48
2025-03-24 12:35:43,738 - INFO - Total teams discovered: 22
